Assembler report for centery_clock
Fri May 12 15:23:17 2023
Quartus Prime Version 22.1std.0 Build 915 10/25/2022 SC Lite Edition


---------------------
; Table of Contents ;
---------------------
  1. Legal Notice
  2. Assembler Summary
  3. Assembler Settings
  4. Assembler Generated Files
  5. Assembler Device Options: centery_clock.sof
  6. Assembler Messages



----------------
; Legal Notice ;
----------------
Copyright (C) 2022  Intel Corporation. All rights reserved.
Your use of Intel Corporation's design tools, logic functions 
and other software and tools, and any partner logic 
functions, and any output files from any of the foregoing 
(including device programming or simulation files), and any 
associated documentation or information are expressly subject 
to the terms and conditions of the Intel Program License 
Subscription Agreement, the Intel Quartus Prime License Agreement,
the Intel FPGA IP License Agreement, or other applicable license
agreement, including, without limitation, that your use is for
the sole purpose of programming logic devices manufactured by
Intel and sold by Intel or its authorized distributors.  Please
refer to the applicable agreement for further details, at
https://fpgasoftware.intel.com/eula.



+---------------------------------------------------------------+
; Assembler Summary                                             ;
+-----------------------+---------------------------------------+
; Assembler Status      ; Successful - Fri May 12 15:23:17 2023 ;
; Revision Name         ; centery_clock                         ;
; Top-level Entity Name ; centery_clock                         ;
; Family                ; Cyclone IV E                          ;
; Device                ; EP4CE115F29C7                         ;
+-----------------------+---------------------------------------+


+----------------------------------+
; Assembler Settings               ;
+--------+---------+---------------+
; Option ; Setting ; Default Value ;
+--------+---------+---------------+


+-------------------------------------------------------------------------------------------------------+
; Assembler Generated Files                                                                             ;
+-------------------------------------------------------------------------------------------------------+
; File Name                                                                                             ;
+-------------------------------------------------------------------------------------------------------+
; /home/edabk/CONGTV192729/TKS_T7/homework/buoi3/datamylap/implement_de2/output_files/centery_clock.sof ;
+-------------------------------------------------------------------------------------------------------+


+---------------------------------------------+
; Assembler Device Options: centery_clock.sof ;
+----------------+----------------------------+
; Option         ; Setting                    ;
+----------------+----------------------------+
; JTAG usercode  ; 0x0059BAFB                 ;
; Checksum       ; 0x0059BAFB                 ;
+----------------+----------------------------+


+--------------------+
; Assembler Messages ;
+--------------------+
Info: *******************************************************************
Info: Running Quartus Prime Assembler
    Info: Version 22.1std.0 Build 915 10/25/2022 SC Lite Edition
    Info: Processing started: Fri May 12 15:23:15 2023
Info: Command: quartus_asm --read_settings_files=off --write_settings_files=off centery_clock -c centery_clock
Info (115031): Writing out detailed assembly data for power analysis
Info (115030): Assembler is generating device programming files
Info: Quartus Prime Assembler was successful. 0 errors, 0 warnings
    Info: Peak virtual memory: 380 megabytes
    Info: Processing ended: Fri May 12 15:23:17 2023
    Info: Elapsed time: 00:00:02
    Info: Total CPU time (on all processors): 00:00:02


